vpnLib/build/outputs/mapping/release/seeds.txt
de.blinkt.openvpn.R$drawable: int notification_bg
de.blinkt.openvpn.R$styleable: int FontFamilyFont_fontVariationSettings
de.blinkt.openvpn.R$string: int mtu_invalid_value
de.blinkt.openvpn.R$style: int ThemeOverlay_AppCompat_Dialog_Alert
de.blinkt.openvpn.R$attr: int autoSizeStepGranularity
de.blinkt.openvpn.R$attr: int dialogCornerRadius
de.blinkt.openvpn.R$string: int connectretrywait
de.blinkt.openvpn.R$dimen: int abc_floating_window_z
de.blinkt.openvpn.R$styleable: int Toolbar_android_minHeight
de.blinkt.openvpn.R$attr: int windowActionModeOverlay
de.blinkt.openvpn.R$style: int Base_ThemeOverlay_AppCompat_Dialog_Alert
de.blinkt.openvpn.R$style: int TextAppearance_AppCompat_Widget_PopupMenu_Header
de.blinkt.openvpn.R$id: int actions
de.blinkt.openvpn.R$styleable: int AppCompatTheme_selectableItemBackground
de.blinkt.openvpn.R$anim: int abc_popup_exit
de.blinkt.openvpn.R$color: int notification_action_color_filter
de.blinkt.openvpn.R$string: int abc_searchview_description_query
de.blinkt.openvpn.R$styleable: int AppCompatTheme_actionMenuTextAppearance
de.blinkt.openvpn.R$id: int right_side
de.blinkt.openvpn.R$string: int title_activity_open_sslspeed
de.blinkt.openvpn.R$animator: int fragment_close_exit
de.blinkt.openvpn.R$string: int random_host_prefix
de.blinkt.openvpn.R$styleable: int AppCompatTheme_textColorSearchUrl
de.blinkt.openvpn.R$string: int client_behaviour
de.blinkt.openvpn.R$dimen: int notification_action_icon_size
de.blinkt.openvpn.R$color: int background_tab_pressed
de.blinkt.openvpn.R$attr: int switchTextAppearance
de.blinkt.openvpn.R$color: int abc_background_cache_hint_selector_material_light
de.blinkt.openvpn.R$styleable: int[] FontFamily
de.blinkt.openvpn.R$style: int RtlUnderlay_Widget_AppCompat_ActionButton
de.blinkt.openvpn.R$string: int ab_not_route_to_vpn_title
de.blinkt.openvpn.R$styleable: int AlertDialog_listItemLayout
de.blinkt.openvpn.R$styleable: int AppCompatTheme_dialogCornerRadius
de.blinkt.openvpn.R$style: int Base_ThemeOverlay_AppCompat_ActionBar
de.blinkt.openvpn.R$style: int TextAppearance_AppCompat_Medium_Inverse
de.blinkt.openvpn.R$id: int accessibility_custom_action_26
de.blinkt.openvpn.R$styleable: int AppCompatTheme_switchStyle
de.blinkt.openvpn.R$dimen: int notification_top_pad
de.blinkt.openvpn.R$attr: int autoSizeMinTextSize
de.blinkt.openvpn.R$attr: int tickMarkTint
de.blinkt.openvpn.R$string: int permission_description
de.blinkt.openvpn.R$color: int abc_decor_view_status_guard
de.blinkt.openvpn.R$styleable: int AppCompatTheme_textAppearanceSearchResultTitle
de.blinkt.openvpn.R$style: int TextAppearance_AppCompat_Menu
de.blinkt.openvpn.R$integer: int abc_config_activityShortDur
de.blinkt.openvpn.R$string: int openvpn
de.blinkt.openvpn.R$string: int state_user_vpn_permission_cancelled
de.blinkt.openvpn.R$attr: int buttonGravity
de.blinkt.openvpn.R$string: int channel_description_userreq
de.blinkt.openvpn.R$styleable: int LinearLayoutCompat_dividerPadding
de.blinkt.openvpn.R$dimen: int abc_edit_text_inset_horizontal_material
de.blinkt.openvpn.R$drawable: int abc_text_select_handle_middle_mtrl
de.blinkt.openvpn.R$styleable: int MenuView_android_itemTextAppearance
de.blinkt.openvpn.R$styleable: int AppCompatTheme_panelMenuListWidth
de.blinkt.openvpn.R$styleable: int AppCompatTheme_listPreferredItemHeightSmall
de.blinkt.openvpn.R$id: int search_badge
de.blinkt.openvpn.R$styleable: int SwitchCompat_splitTrack
de.blinkt.openvpn.R$anim: int btn_radio_to_off_mtrl_ring_outer_animation
de.blinkt.openvpn.R$string: int ab_vpn_reachability_44
de.blinkt.openvpn.R$string: int payload_options
de.blinkt.openvpn.R$string: int keychain_access
de.blinkt.openvpn.R$dimen: int abc_alert_dialog_button_bar_height
de.blinkt.openvpn.R$dimen: int abc_list_item_height_material
de.blinkt.openvpn.R$styleable: int[] Toolbar
de.blinkt.openvpn.R$string: int menu_use_inline_data
de.blinkt.openvpn.R$styleable: int MenuItem_tooltipText
de.blinkt.openvpn.R$id: int italic