vpnLib/build/outputs/mapping/release/usage.txt
de.blinkt.openvpn.api.IOpenVPNAPIService$Stub
de.blinkt.openvpn.api.IOpenVPNAPIService
de.blinkt.openvpn.api.IOpenVPNStatusCallback$Default
de.blinkt.openvpn.api.IOpenVPNStatusCallback$Stub$Proxy
de.blinkt.openvpn.api.IOpenVPNStatusCallback$Stub
de.blinkt.openvpn.api.IOpenVPNStatusCallback
de.blinkt.openvpn.api.RemoteAction$1
de.blinkt.openvpn.api.RemoteAction
de.blinkt.openvpn.api.SecurityRemoteException
de.blinkt.openvpn.core.CIDRIP
de.blinkt.openvpn.core.ConfigParser$ConfigParseError
de.blinkt.openvpn.core.ConfigParser$linestate
de.blinkt.openvpn.core.ConfigParser
de.blinkt.openvpn.core.Connection$ProxyType
de.blinkt.openvpn.core.Connection
de.blinkt.openvpn.core.ConnectionStatus$1
de.blinkt.openvpn.core.ConnectionStatus
de.blinkt.openvpn.core.DeviceStateReceiver$1
de.blinkt.openvpn.core.DeviceStateReceiver$Datapoint
de.blinkt.openvpn.core.DeviceStateReceiver$connectState
de.blinkt.openvpn.core.DeviceStateReceiver
de.blinkt.openvpn.core.ExtAuthHelper$1
de.blinkt.openvpn.core.ExtAuthHelper$ExternalAuthProvider
de.blinkt.openvpn.core.ExtAuthHelper$ExternalAuthProviderConnection
de.blinkt.openvpn.core.ExtAuthHelper
de.blinkt.openvpn.core.ICSOpenVPNApplication
de.blinkt.openvpn.core.IOpenVPNServiceInternal$Default
de.blinkt.openvpn.core.IOpenVPNServiceInternal$Stub$Proxy
de.blinkt.openvpn.core.IOpenVPNServiceInternal$Stub
de.blinkt.openvpn.core.IOpenVPNServiceInternal
de.blinkt.openvpn.core.IServiceStatus$Default
de.blinkt.openvpn.core.IServiceStatus$Stub$Proxy
de.blinkt.openvpn.core.IServiceStatus$Stub
de.blinkt.openvpn.core.IServiceStatus
de.blinkt.openvpn.core.IStatusCallbacks$Default
de.blinkt.openvpn.core.IStatusCallbacks$Stub$Proxy
de.blinkt.openvpn.core.IStatusCallbacks$Stub
de.blinkt.openvpn.core.IStatusCallbacks
de.blinkt.openvpn.core.LogFileHandler
de.blinkt.openvpn.core.LogItem$1
de.blinkt.openvpn.core.LogItem
de.blinkt.openvpn.core.LollipopDeviceStateListener
de.blinkt.openvpn.core.NativeUtils
de.blinkt.openvpn.core.NetworkSpace$IpAddress
de.blinkt.openvpn.core.NetworkSpace
de.blinkt.openvpn.core.NetworkUtils
de.blinkt.openvpn.core.OpenVPNManagement$PausedStateCallback
de.blinkt.openvpn.core.OpenVPNManagement$pauseReason
de.blinkt.openvpn.core.OpenVPNManagement
de.blinkt.openvpn.core.OpenVPNService$1
de.blinkt.openvpn.core.OpenVPNService$2
de.blinkt.openvpn.core.OpenVPNService$3
de.blinkt.openvpn.core.OpenVPNService$4
de.blinkt.openvpn.core.OpenVPNService$LocalBinder
de.blinkt.openvpn.core.OpenVPNService
de.blinkt.openvpn.core.OpenVPNStatusService$1$1
de.blinkt.openvpn.core.OpenVPNStatusService$1
de.blinkt.openvpn.core.OpenVPNStatusService$OpenVPNStatusHandler
de.blinkt.openvpn.core.OpenVPNStatusService$UpdateMessage
de.blinkt.openvpn.core.OpenVPNStatusService
de.blinkt.openvpn.core.OpenVPNThread
de.blinkt.openvpn.core.OpenVpnManagementThread$1
de.blinkt.openvpn.core.OpenVpnManagementThread$2
de.blinkt.openvpn.core.OpenVpnManagementThread
de.blinkt.openvpn.core.OrbotHelper$1
de.blinkt.openvpn.core.OrbotHelper$StatusCallback
de.blinkt.openvpn.core.OrbotHelper
de.blinkt.openvpn.core.PRNGFixes$LinuxPRNGSecureRandom
de.blinkt.openvpn.core.PRNGFixes$LinuxPRNGSecureRandomProvider
de.blinkt.openvpn.core.PRNGFixes
de.blinkt.openvpn.core.PasswordCache
de.blinkt.openvpn.core.Preferences
de.blinkt.openvpn.core.ProfileManager
de.blinkt.openvpn.core.ProxyDetection
de.blinkt.openvpn.core.StatusListener$1
de.blinkt.openvpn.core.StatusListener$2
de.blinkt.openvpn.core.StatusListener$3
de.blinkt.openvpn.core.StatusListener
de.blinkt.openvpn.core.TrafficHistory$1
de.blinkt.openvpn.core.TrafficHistory$LastDiff
de.blinkt.openvpn.core.TrafficHistory$TrafficDatapoint$1
de.blinkt.openvpn.core.TrafficHistory$TrafficDatapoint
de.blinkt.openvpn.core.TrafficHistory
de.blinkt.openvpn.core.VPNLaunchHelper
de.blinkt.openvpn.core.VpnStatus$1
de.blinkt.openvpn.core.VpnStatus$ByteCountListener
de.blinkt.openvpn.core.VpnStatus$LogLevel
de.blinkt.openvpn.core.VpnStatus$LogListener
de.blinkt.openvpn.core.VpnStatus$StateListener